kotlin version: 2.0.0
error message: java.lang.ExceptionInInitializerError
	at androidx.room.RoomKspProcessor.postRound(RoomKspProcessor.kt:61)
	at androidx.room.compiler.processing.ksp.KspBasicAnnotationProcessor.runLastRound(KspBasicAnnotationProcessor.kt:82)
	at androidx.room.compiler.processing.ksp.KspBasicAnnotationProcessor.finish(KspBasicAnnotationProcessor.kt:73)
	at com.google.devtools.ksp.AbstractKotlinSymbolProcessingExtension$doAnalysis$12$1.invoke(KotlinSymbolProcessingExtension.kt:346)
	at com.google.devtools.ksp.AbstractKotlinSymbolProcessingExtension$doAnalysis$12$1.invoke(KotlinSymbolProcessingExtension.kt:345)
	at com.google.devtools.ksp.AbstractKotlinSymbolProcessingExtension.handleException(KotlinSymbolProcessingExtension.kt:414)
	at com.google.devtools.ksp.AbstractKotlinSymbolProcessingExtension.doAnalysis(KotlinSymbolProcessingExtension.kt:345)
	at org.jetbrains.kotlin.cli.jvm.compiler.TopDownAnalyzerFacadeForJVM.analyzeFilesWithJavaIntegration(TopDownAnalyzerFacadeForJVM.kt:112)
	at org.jetbrains.kotlin.cli.jvm.compiler.TopDownAnalyzerFacadeForJVM.analyzeFilesWithJavaIntegration$default(TopDownAnalyzerFacadeForJVM.kt:75)
	at org.jetbrains.kotlin.cli.jvm.compiler.KotlinToJVMBytecodeCompiler.analyze$lambda$12(KotlinToJVMBytecodeCompiler.kt:373)
	at org.jetbrains.kotlin.cli.common.messages.AnalyzerWithCompilerReport.analyzeAndReport(AnalyzerWithCompilerReport.kt:115)
	at org.jetbrains.kotlin.cli.jvm.compiler.KotlinToJVMBytecodeCompiler.analyze(KotlinToJVMBytecodeCompiler.kt:364)
	at org.jetbrains.kotlin.cli.jvm.compiler.KotlinToJVMBytecodeCompiler.runFrontendAndGenerateIrUsingClassicFrontend(KotlinToJVMBytecodeCompiler.kt:195)
	at org.jetbrains.kotlin.cli.jvm.compiler.KotlinToJVMBytecodeCompiler.compileModules$cli(KotlinToJVMBytecodeCompiler.kt:106)
	at org.jetbrains.kotlin.cli.jvm.K2JVMCompiler.doExecute(K2JVMCompiler.kt:176)
	at org.jetbrains.kotlin.cli.jvm.K2JVMCompiler.doExecute(K2JVMCompiler.kt:50)
	at org.jetbrains.kotlin.cli.common.CLICompiler.execImpl(CLICompiler.kt:104)
	at org.jetbrains.kotlin.cli.common.CLICompiler.execImpl(CLICompiler.kt:48)
	at org.jetbrains.kotlin.cli.common.CLITool.exec(CLITool.kt:101)
	at org.jetbrains.kotlin.daemon.CompileServiceImpl.compile(CompileServiceImpl.kt:1556)
	at java.base/jdk.internal.reflect.DirectMethodHandleAccessor.invoke(Unknown Source)
	at java.base/java.lang.reflect.Method.invoke(Unknown Source)
	at java.rmi/sun.rmi.server.UnicastServerRef.dispatch(Unknown Source)
	at java.rmi/sun.rmi.transport.Transport$1.run(Unknown Source)
	at java.rmi/sun.rmi.transport.Transport$1.run(Unknown Source)
	at java.base/java.security.AccessController.doPrivileged(Unknown Source)
	at java.rmi/sun.rmi.transport.Transport.serviceCall(Unknown Source)
	at java.rmi/sun.rmi.transport.tcp.TCPTransport.handleMessages(Unknown Source)
	at java.rmi/sun.rmi.transport.tcp.TCPTransport$ConnectionHandler.run0(Unknown Source)
	at java.rmi/sun.rmi.transport.tcp.TCPTransport$ConnectionHandler.lambda$run$0(Unknown Source)
	at java.base/java.security.AccessController.doPrivileged(Unknown Source)
	at java.rmi/sun.rmi.transport.tcp.TCPTransport$ConnectionHandler.run(Unknown Source)
	at java.base/java.util.concurrent.ThreadPoolExecutor.runWorker(Unknown Source)
	at java.base/java.util.concurrent.ThreadPoolExecutor$Worker.run(Unknown Source)
	at java.base/java.lang.Thread.run(Unknown Source)
Caused by: java.lang.Exception: No native library found for os.name=Windows, os.arch=x86_64, paths=[/org/sqlite/native/Windows/x86_64;C:\Program Files\Android\Android Studio\jbr\bin;C:\WINDOWS\Sun\Java\bin;C:\WINDOWS\system32;C:\WINDOWS;C:\Program Files\Common Files\Oracle\Java\javapath;C:\Program Files (x86)\Common Files\Oracle\Java\java8path;C:\Program Files (x86)\Common Files\Oracle\Java\javapath;C:\windows\system32;C:\windows;C:\windows\System32\Wbem;C:\windows\System32\WindowsPowerShell\v1.0\;C:\windows\System32\OpenSSH\;C:\Program Files (x86)\NVIDIA Corporation\PhysX\Common;C:\Program Files\NVIDIA Corporation\NVIDIA NvDLISR;C:\WINDOWS\system32;C:\WINDOWS;C:\WINDOWS\System32\Wbem;C:\WINDOWS\System32\WindowsPowerShell\v1.0\;C:\WINDOWS\System32\OpenSSH\;C:\Program Files\nodejs\;C:\Program Files\Git\cmd;C:\php-8.3.4;C:\Program Files\HP\HP One Agent;C:\ProgramData\ComposerSetup\bin;C:\Users\HP PAVILION\AppData\Local\Programs\Python\Python312\Scripts;C:\Users\HP PAVILION\AppData\Local\Programs\Python\Python312\Lib\site-packages\pip;C:\Users\HP PAVILION\AppData\Local\Programs\Python\Python312;C:\Program Files\ngrok-v3-stable-windows-amd64;C:\Users\HP PAVILION\AppData\Local\Programs\Python\Python312\Lib\site-packages;C:\Users\HP PAVILION\AppData\Local\Programs\Python\Python312\Lib\site-packages\sqlalchemy;C:\Users\HP PAVILION\AppData\Local\Android\Sdk\platform-tools;C:\ffmpeg\bin;C:\flutter\bin;C:\flutter;C:\Program Files\dotnet\;C:\Program Files\GitHub CLI\;C:\Program Files\Go\bin;C:\Program Files\Cloudflare\Cloudflare WARP\;C:\jdk-17.0.12\bin;C:\Users\HP PAVILION\AppData\Local\Programs\Python\Launcher\;C:\Users\HP PAVILION\AppData\Local\Microsoft\WindowsApps;C:\Users\HP PAVILION\AppData\Local\Programs\Microsoft VS Code\bin;C:\Users\HP PAVILION\AppData\Roaming\npm;C:\php-8.3.4;C:\Users\HP PAVILION\AppData\Roaming\Composer\vendor\bin;C:\Users\HP PAVILION\AppData\Local\Programs\Python\Python312\Scripts;C:\Users\HP PAVILION\AppData\Local\Programs\Python\Python312\Lib\site-packages\pip;C:\Users\HP PAVILION\.detaspace\bin;C:\Users\HP PAVILION\AppData\Local\Android\Sdk\platform-tools;C:\ffmpeg\bin;C:\mingw64\bin;C:\Program Files\NASM;C:\Users\HP PAVILION\AppData\Local\Android\Sdk\build-tools\34.0.0;C:\Users\HP PAVILION\AppData\Local\Android\Sdk\cmdline-tools\latest\bin;C:\Users\HP PAVILION\AppData\Local\Android\Sdk\emulator\bin64;C:\flutter\bin;C:\Users\HP PAVILION\AppData\Local\Pub\Cache\bin;C:\jdk-17.0.12\bin;C:\Users\HP PAVILION\AppData\Local\spicetify;C:\Users\HP PAVILION\.dotnet\tools;C:\Users\HP PAVILION\go\bin;.]
	at org.sqlite.SQLiteJDBCLoader.loadSQLiteNativeLibrary(SQLiteJDBCLoader.java:363)
	at org.sqlite.SQLiteJDBCLoader.initialize(SQLiteJDBCLoader.java:72)
	at androidx.room.verifier.DatabaseVerifier.<clinit>(DatabaseVerifier.kt:79)
	... 35 more


